This file contains any messages produced by compilers while
running configure, to aid debugging if configure makes a mistake.

It was created by ethtool configure 3.11, which was
generated by GNU Autoconf 2.69.  Invocation command line was

  $ ./configure cc=arm-linux-gcc

## --------- ##
## Platform. ##
## --------- ##

hostname = barnard-desktop
uname -m = i686
uname -r = 2.6.32-38-generic
uname -s = Linux
uname -v = #83-Ubuntu SMP Wed Jan 4 11:13:04 UTC 2012

/usr/bin/uname -p = unknown
/bin/uname -X     = unknown

/bin/arch              = unknown
/usr/bin/arch -k       = unknown
/usr/convex/getsysinfo = unknown
/usr/bin/hostinfo      = unknown
/bin/machine           = unknown
/usr/bin/oslevel       = unknown
/bin/universe          = unknown

PATH: /usr/local/arm/arm-2007q1/bin/
PATH: /usr/lib/jvm/java-7-sun/bin
PATH: /usr/local/sbin
PATH: /usr/local/bin
PATH: /usr/sbin
PATH: /usr/bin
PATH: /sbin
PATH: /bin
PATH: /usr/games


## ----------- ##
## Core tests. ##
## ----------- ##

configure:2190: checking for a BSD-compatible install
configure:2258: result: /usr/bin/install -c
configure:2269: checking whether build environment is sane
configure:2324: result: yes
configure:2475: checking for a thread-safe mkdir -p
configure:2514: result: /bin/mkdir -p
configure:2521: checking for gawk
configure:2537: found /usr/bin/gawk
configure:2548: result: gawk
configure:2559: checking whether make sets $(MAKE)
configure:2581: result: yes
configure:2671: checking whether to enable maintainer-specific portions of Makefiles
configure:2680: result: no
configure:2742: checking for gcc
configure:2758: found /usr/bin/gcc
configure:2769: result: gcc
configure:2998: checking for C compiler version
configure:3007: gcc --version >&5
gcc (Ubuntu 4.4.3-4ubuntu5.1) 4.4.3
Copyright (C) 2009 Free Software Foundation, Inc.
This is free software; see the source for copying conditions.  There is NO
warranty; not even for MERCHANTABILITY or FITNESS FOR A PARTICULAR PURPOSE.

configure:3018: $? = 0
configure:3007: gcc -v >&5
Using built-in specs.
Target: i486-linux-gnu
Configured with: ../src/configure -v --with-pkgversion='Ubuntu 4.4.3-4ubuntu5.1' --with-bugurl=file:///usr/share/doc/gcc-4.4/README.Bugs --enable-languages=c,c++,fortran,objc,obj-c++ --prefix=/usr --enable-shared --enable-multiarch --enable-linker-build-id --with-system-zlib --libexecdir=/usr/lib --without-included-gettext --enable-threads=posix --with-gxx-include-dir=/usr/include/c++/4.4 --program-suffix=-4.4 --enable-nls --enable-clocale=gnu --enable-libstdcxx-debug --enable-plugin --enable-objc-gc --enable-targets=all --disable-werror --with-arch-32=i486 --with-tune=generic --enable-checking=release --build=i486-linux-gnu --host=i486-linux-gnu --target=i486-linux-gnu
Thread model: posix
gcc version 4.4.3 (Ubuntu 4.4.3-4ubuntu5.1) 
configure:3018: $? = 0
configure:3007: gcc -V >&5
gcc: '-V' option must have argument
configure:3018: $? = 1
configure:3007: gcc -qversion >&5
gcc: unrecognized option '-qversion'
gcc: no input files
configure:3018: $? = 1
configure:3038: checking whether the C compiler works
configure:3060: gcc    conftest.c  >&5
configure:3064: $? = 0
configure:3112: result: yes
configure:3115: checking for C compiler default output file name
configure:3117: result: a.out
configure:3123: checking for suffix of executables
configure:3130: gcc -o conftest    conftest.c  >&5
configure:3134: $? = 0
configure:3156: result: 
configure:3178: checking whether we are cross compiling
configure:3186: gcc -o conftest    conftest.c  >&5
configure:3190: $? = 0
configure:3197: ./conftest
configure:3201: $? = 0
configure:3216: result: no
configure:3221: checking for suffix of object files
configure:3243: gcc -c   conftest.c >&5
configure:3247: $? = 0
configure:3268: result: o
configure:3272: checking whether we are using the GNU C compiler
configure:3291: gcc -c   conftest.c >&5
configure:3291: $? = 0
configure:3300: result: yes
configure:3309: checking whether gcc accepts -g
configure:3329: gcc -c -g  conftest.c >&5
configure:3329: $? = 0
configure:3370: result: yes
configure:3387: checking for gcc option to accept ISO C89
configure:3450: gcc  -c -g -O2  conftest.c >&5
configure:3450: $? = 0
configure:3463: result: none needed
configure:3494: checking for style of include used by make
configure:3522: result: GNU
configure:3548: checking dependency style of gcc
configure:3659: result: gcc3
configure:3680: checking how to run the C preprocessor
configure:3711: gcc -E  conftest.c
configure:3711: $? = 0
configure:3725: gcc -E  conftest.c
conftest.c:11:28: error: ac_nonexistent.h: No such file or directory
configure:3725: $? = 1
configure: failed program was:
| /* confdefs.h */
| #define PACKAGE_NAME "ethtool"
| #define PACKAGE_TARNAME "ethtool"
| #define PACKAGE_VERSION "3.11"
| #define PACKAGE_STRING "ethtool 3.11"
| #define PACKAGE_BUGREPORT "netdev@vger.kernel.org"
| #define PACKAGE_URL ""
| #define PACKAGE "ethtool"
| #define VERSION "3.11"
| /* end confdefs.h.  */
| #include <ac_nonexistent.h>
configure:3750: result: gcc -E
configure:3770: gcc -E  conftest.c
configure:3770: $? = 0
configure:3784: gcc -E  conftest.c
conftest.c:11:28: error: ac_nonexistent.h: No such file or directory
configure:3784: $? = 1
configure: failed program was:
| /* confdefs.h */
| #define PACKAGE_NAME "ethtool"
| #define PACKAGE_TARNAME "ethtool"
| #define PACKAGE_VERSION "3.11"
| #define PACKAGE_STRING "ethtool 3.11"
| #define PACKAGE_BUGREPORT "netdev@vger.kernel.org"
| #define PACKAGE_URL ""
| #define PACKAGE "ethtool"
| #define VERSION "3.11"
| /* end confdefs.h.  */
| #include <ac_nonexistent.h>
configure:3813: checking for grep that handles long lines and -e
configure:3871: result: /bin/grep
configure:3876: checking for egrep
configure:3938: result: /bin/grep -E
configure:3944: checking whether gcc needs -traditional
configure:3978: result: no
configure:3986: checking whether gcc and cc understand -c and -o together
configure:4017: gcc -c conftest.c -o conftest2.o >&5
configure:4021: $? = 0
configure:4027: gcc -c conftest.c -o conftest2.o >&5
configure:4031: $? = 0
configure:4042: cc -c conftest.c >&5
configure:4046: $? = 0
configure:4054: cc -c conftest.c -o conftest2.o >&5
configure:4058: $? = 0
configure:4064: cc -c conftest.c -o conftest2.o >&5
configure:4068: $? = 0
configure:4086: result: yes
configure:4113: checking for ANSI C header files
configure:4133: gcc -c -g -O2  conftest.c >&5
configure:4133: $? = 0
configure:4206: gcc -o conftest -g -O2   conftest.c  >&5
configure:4206: $? = 0
configure:4206: ./conftest
configure:4206: $? = 0
configure:4217: result: yes
configure:4230: checking for sys/types.h
configure:4230: gcc -c -g -O2  conftest.c >&5
configure:4230: $? = 0
configure:4230: result: yes
configure:4230: checking for sys/stat.h
configure:4230: gcc -c -g -O2  conftest.c >&5
configure:4230: $? = 0
configure:4230: result: yes
configure:4230: checking for stdlib.h
configure:4230: gcc -c -g -O2  conftest.c >&5
configure:4230: $? = 0
configure:4230: result: yes
configure:4230: checking for string.h
configure:4230: gcc -c -g -O2  conftest.c >&5
configure:4230: $? = 0
configure:4230: result: yes
configure:4230: checking for memory.h
configure:4230: gcc -c -g -O2  conftest.c >&5
configure:4230: $? = 0
configure:4230: result: yes
configure:4230: checking for strings.h
configure:4230: gcc -c -g -O2  conftest.c >&5
configure:4230: $? = 0
configure:4230: result: yes
configure:4230: checking for inttypes.h
configure:4230: gcc -c -g -O2  conftest.c >&5
configure:4230: $? = 0
configure:4230: result: yes
configure:4230: checking for stdint.h
configure:4230: gcc -c -g -O2  conftest.c >&5
configure:4230: $? = 0
configure:4230: result: yes
configure:4230: checking for unistd.h
configure:4230: gcc -c -g -O2  conftest.c >&5
configure:4230: $? = 0
configure:4230: result: yes
configure:4244: checking sys/ioctl.h usability
configure:4244: gcc -c -g -O2  conftest.c >&5
configure:4244: $? = 0
configure:4244: result: yes
configure:4244: checking sys/ioctl.h presence
configure:4244: gcc -E  conftest.c
configure:4244: $? = 0
configure:4244: result: yes
configure:4244: checking for sys/ioctl.h
configure:4244: result: yes
configure:4255: checking whether <linux/types.h> defines big-endian types
configure:4268: gcc -c -g -O2  conftest.c >&5
configure:4268: $? = 0
configure:4269: result: yes
configure:4280: checking for ANSI C header files
configure:4384: result: yes
configure:4395: checking for socket
configure:4395: gcc -o conftest -g -O2   conftest.c  >&5
configure:4395: $? = 0
configure:4395: result: yes
configure:4395: checking for strtol
configure:4395: gcc -o conftest -g -O2   conftest.c  >&5
configure:4395: $? = 0
configure:4395: result: yes
configure:4516: checking that generated files are newer than configure
configure:4522: result: done
configure:4549: creating ./config.status

## ---------------------- ##
## Running config.status. ##
## ---------------------- ##

This file was extended by ethtool config.status 3.11, which was
generated by GNU Autoconf 2.69.  Invocation command line was

  CONFIG_FILES    = 
  CONFIG_HEADERS  = 
  CONFIG_LINKS    = 
  CONFIG_COMMANDS = 
  $ ./config.status 

on barnard-desktop

config.status:858: creating Makefile
config.status:858: creating ethtool.spec
config.status:858: creating ethtool.8
config.status:858: creating ethtool-config.h
config.status:1087: executing depfiles commands

## ---------------- ##
## Cache variables. ##
## ---------------- ##

ac_cv_c_compiler_gnu=yes
ac_cv_env_CC_set=
ac_cv_env_CC_value=
ac_cv_env_CFLAGS_set=
ac_cv_env_CFLAGS_value=
ac_cv_env_CPPFLAGS_set=
ac_cv_env_CPPFLAGS_value=
ac_cv_env_CPP_set=
ac_cv_env_CPP_value=
ac_cv_env_LDFLAGS_set=
ac_cv_env_LDFLAGS_value=
ac_cv_env_LIBS_set=
ac_cv_env_LIBS_value=
ac_cv_env_build_alias_set=
ac_cv_env_build_alias_value=
ac_cv_env_host_alias_set=
ac_cv_env_host_alias_value=
ac_cv_env_target_alias_set=
ac_cv_env_target_alias_value=
ac_cv_func_socket=yes
ac_cv_func_strtol=yes
ac_cv_header_inttypes_h=yes
ac_cv_header_memory_h=yes
ac_cv_header_stdc=yes
ac_cv_header_stdint_h=yes
ac_cv_header_stdlib_h=yes
ac_cv_header_string_h=yes
ac_cv_header_strings_h=yes
ac_cv_header_sys_ioctl_h=yes
ac_cv_header_sys_stat_h=yes
ac_cv_header_sys_types_h=yes
ac_cv_header_unistd_h=yes
ac_cv_objext=o
ac_cv_path_EGREP='/bin/grep -E'
ac_cv_path_GREP=/bin/grep
ac_cv_path_install='/usr/bin/install -c'
ac_cv_path_mkdir=/bin/mkdir
ac_cv_prog_AWK=gawk
ac_cv_prog_CPP='gcc -E'
ac_cv_prog_ac_ct_CC=gcc
ac_cv_prog_cc_c89=
ac_cv_prog_cc_g=yes
ac_cv_prog_cc_gcc_c_o=yes
ac_cv_prog_gcc_traditional=no
ac_cv_prog_make_make_set=yes
am_cv_CC_dependencies_compiler_type=gcc3

## ----------------- ##
## Output variables. ##
## ----------------- ##

ACLOCAL='${SHELL} /home/barnard/ethtool/ethtool-3.11/missing --run aclocal-1.12'
AMDEPBACKSLASH='\'
AMDEP_FALSE='#'
AMDEP_TRUE=''
AMTAR='$${TAR-tar}'
AUTOCONF='${SHELL} /home/barnard/ethtool/ethtool-3.11/missing --run autoconf'
AUTOHEADER='${SHELL} /home/barnard/ethtool/ethtool-3.11/missing --run autoheader'
AUTOMAKE='${SHELL} /home/barnard/ethtool/ethtool-3.11/missing --run automake-1.12'
AWK='gawk'
CC='gcc'
CCDEPMODE='depmode=gcc3'
CFLAGS='-g -O2'
CPP='gcc -E'
CPPFLAGS=''
CYGPATH_W='echo'
DEFS='-DHAVE_CONFIG_H'
DEPDIR='.deps'
ECHO_C=''
ECHO_N='-n'
ECHO_T=''
EGREP='/bin/grep -E'
EXEEXT=''
GREP='/bin/grep'
INSTALL_DATA='${INSTALL} -m 644'
INSTALL_PROGRAM='${INSTALL}'
INSTALL_SCRIPT='${INSTALL}'
INSTALL_STRIP_PROGRAM='$(install_sh) -c -s'
LDFLAGS=''
LIBOBJS=''
LIBS=''
LTLIBOBJS=''
MAINT='#'
MAINTAINER_MODE_FALSE=''
MAINTAINER_MODE_TRUE='#'
MAKEINFO='${SHELL} /home/barnard/ethtool/ethtool-3.11/missing --run makeinfo'
MKDIR_P='/bin/mkdir -p'
OBJEXT='o'
PACKAGE='ethtool'
PACKAGE_BUGREPORT='netdev@vger.kernel.org'
PACKAGE_NAME='ethtool'
PACKAGE_STRING='ethtool 3.11'
PACKAGE_TARNAME='ethtool'
PACKAGE_URL=''
PACKAGE_VERSION='3.11'
PATH_SEPARATOR=':'
SET_MAKE=''
SHELL='/bin/bash'
STRIP=''
VERSION='3.11'
ac_ct_CC='gcc'
am__EXEEXT_FALSE=''
am__EXEEXT_TRUE='#'
am__fastdepCC_FALSE='#'
am__fastdepCC_TRUE=''
am__include='include'
am__isrc=''
am__leading_dot='.'
am__nodep='_no'
am__quote=''
am__tar='$${TAR-tar} chof - "$$tardir"'
am__untar='$${TAR-tar} xf -'
bindir='${exec_prefix}/bin'
build_alias=''
datadir='${datarootdir}'
datarootdir='${prefix}/share'
docdir='${datarootdir}/doc/${PACKAGE_TARNAME}'
dvidir='${docdir}'
exec_prefix='${prefix}'
host_alias=''
htmldir='${docdir}'
includedir='${prefix}/include'
infodir='${datarootdir}/info'
install_sh='${SHELL} /home/barnard/ethtool/ethtool-3.11/install-sh'
libdir='${exec_prefix}/lib'
libexecdir='${exec_prefix}/libexec'
localedir='${datarootdir}/locale'
localstatedir='${prefix}/var'
mandir='${datarootdir}/man'
mkdir_p='$(MKDIR_P)'
oldincludedir='/usr/include'
pdfdir='${docdir}'
prefix='/usr/local'
program_transform_name='s,x,x,'
psdir='${docdir}'
sbindir='${exec_prefix}/sbin'
sharedstatedir='${prefix}/com'
sysconfdir='${prefix}/etc'
target_alias=''

## ----------- ##
## confdefs.h. ##
## ----------- ##

/* confdefs.h */
#define PACKAGE_NAME "ethtool"
#define PACKAGE_TARNAME "ethtool"
#define PACKAGE_VERSION "3.11"
#define PACKAGE_STRING "ethtool 3.11"
#define PACKAGE_BUGREPORT "netdev@vger.kernel.org"
#define PACKAGE_URL ""
#define PACKAGE "ethtool"
#define VERSION "3.11"
#define STDC_HEADERS 1
#define HAVE_SYS_TYPES_H 1
#define HAVE_SYS_STAT_H 1
#define HAVE_STDLIB_H 1
#define HAVE_STRING_H 1
#define HAVE_MEMORY_H 1
#define HAVE_STRINGS_H 1
#define HAVE_INTTYPES_H 1
#define HAVE_STDINT_H 1
#define HAVE_UNISTD_H 1
#define HAVE_SYS_IOCTL_H 1
#define HAVE_BE_TYPES 1
#define STDC_HEADERS 1
#define HAVE_SOCKET 1
#define HAVE_STRTOL 1

configure: exit 0
